<?xml version="1.0" encoding="utf-8"?><testsuites name="pytest tests"><testsuite name="pytest" errors="0" failures="0" skipped="0" tests="9" time="32.683" timestamp="2026-07-02T06:35:51.199245+00:00" hostname="agent-env-af5b7e8c-64a3-410e-8146-8fac2180fd60"><testcase classname="tests.test_creatorai_v2" name="test_voiceover_before_video_returns_400" time="8.242" /><testcase classname="tests.test_creatorai_v2" name="test_voiceover_generate" time="4.186" /><testcase classname="tests.test_creatorai_v2" name="test_media_mp3_served" time="0.073" /><testcase classname="tests.test_creatorai_v2" name="test_content_flags_updated_after_voiceover" time="0.031" /><testcase classname="tests.test_creatorai_v2" name="test_video_generate_after_voiceover" time="1.723" /><testcase classname="tests.test_creatorai_v2" name="test_media_mp4_served" time="0.037" /><testcase classname="tests.test_creatorai_v2" name="test_content_video_ready_flag" time="0.033" /><testcase classname="tests.test_creatorai_v2" name="test_batch_generate_count_3" time="18.214" /><testcase classname="tests.test_creatorai_v2" name="test_media_404" time="0.068" /></testsuite></testsuites>