<?xml version="1.0" encoding="utf-8"?><testsuites name="pytest tests"><testsuite name="pytest" errors="0" failures="0" skipped="0" tests="7" time="58.859" timestamp="2026-07-02T06:50:35.414692+00:00" hostname="agent-env-af5b7e8c-64a3-410e-8146-8fac2180fd60"><testcase classname="backend.tests.test_creatorai_v3" name="test_thumbnail_generate_default" time="23.766" /><testcase classname="backend.tests.test_creatorai_v3" name="test_media_png_served" time="0.068" /><testcase classname="backend.tests.test_creatorai_v3" name="test_content_thumbnail_flags_after_generate" time="0.032" /><testcase classname="backend.tests.test_creatorai_v3" name="test_thumbnail_style_override_shocking" time="13.080" /><testcase classname="backend.tests.test_creatorai_v3" name="test_thumbnail_missing_content_404" time="0.081" /><testcase classname="backend.tests.test_creatorai_v3" name="test_voiceover_then_video_with_thumbnail_bg" time="21.685" /><testcase classname="backend.tests.test_creatorai_v3" name="test_media_png_404" time="0.075" /></testsuite></testsuites>