<?xml version="1.0" encoding="utf-8"?><testsuites name="pytest tests"><testsuite name="pytest" errors="0" failures="0" skipped="0" tests="9" time="20.135" timestamp="2026-07-02T06:15:05.807560+00:00" hostname="agent-env-af5b7e8c-64a3-410e-8146-8fac2180fd60"><testcase classname="backend.tests.test_creatorai" name="test_root" time="0.240" /><testcase classname="backend.tests.test_creatorai" name="test_signup_and_login" time="0.936" /><testcase classname="backend.tests.test_creatorai" name="test_me_protected" time="0.444" /><testcase classname="backend.tests.test_creatorai" name="test_onboarding" time="0.076" /><testcase classname="backend.tests.test_creatorai" name="test_content_generate_schema" time="8.945" /><testcase classname="backend.tests.test_creatorai" name="test_content_list_and_get" time="0.063" /><testcase classname="backend.tests.test_creatorai" name="test_schedule_then_verify" time="0.060" /><testcase classname="backend.tests.test_creatorai" name="test_stats" time="0.071" /><testcase classname="backend.tests.test_creatorai" name="test_delete_content" time="9.222" /></testsuite></testsuites>